c:\users\hj577\desktop\serverexcode\servercore\debug\servercore.pch
c:\users\hj577\desktop\serverexcode\libraries\debug\servercore.pdb
c:\users\hj577\desktop\serverexcode\libraries\debug\servercore.idb
c:\users\hj577\desktop\serverexcode\servercore\debug\pch.obj
c:\users\hj577\desktop\serverexcode\servercore\debug\socketutils.obj
c:\users\hj577\desktop\serverexcode\servercore\debug\session.obj
c:\users\hj577\desktop\serverexcode\servercore\debug\service.obj
c:\users\hj577\desktop\serverexcode\servercore\debug\sendbuffer.obj
c:\users\hj577\desktop\serverexcode\servercore\debug\refcounting.obj
c:\users\hj577\desktop\serverexcode\servercore\debug\recvbuffer.obj
c:\users\hj577\desktop\serverexcode\servercore\debug\netaddress.obj
c:\users\hj577\desktop\serverexcode\servercore\debug\memorypool.obj
c:\users\hj577\desktop\serverexcode\servercore\debug\memory.obj
c:\users\hj577\desktop\serverexcode\servercore\debug\lock.obj
c:\users\hj577\desktop\serverexcode\servercore\debug\listener.obj
c:\users\hj577\desktop\serverexcode\servercore\debug\iocpevent.obj
c:\users\hj577\desktop\serverexcode\servercore\debug\iocpcore.obj
c:\users\hj577\desktop\serverexcode\servercore\debug\deadlockprofiler.obj
c:\users\hj577\desktop\serverexcode\servercore\debug\coretls.obj
c:\users\hj577\desktop\serverexcode\servercore\debug\corepch.obj
c:\users\hj577\desktop\serverexcode\servercore\debug\coreglobal.obj
c:\users\hj577\desktop\serverexcode\servercore\debug\bufferwriter.obj
c:\users\hj577\desktop\serverexcode\servercore\debug\bufferreader.obj
c:\users\hj577\desktop\serverexcode\servercore\debug\allocator.obj
c:\users\hj577\desktop\serverexcode\servercore\debug\threadmanager.obj
c:\users\hj577\desktop\serverexcode\libraries\debug\servercore.lib
c:\users\hj577\desktop\serverexcode\servercore\debug\servercore.tlog\cl.command.1.tlog
c:\users\hj577\desktop\serverexcode\servercore\debug\servercore.tlog\cl.items.tlog
c:\users\hj577\desktop\serverexcode\servercore\debug\servercore.tlog\cl.read.1.tlog
c:\users\hj577\desktop\serverexcode\servercore\debug\servercore.tlog\cl.write.1.tlog
c:\users\hj577\desktop\serverexcode\servercore\debug\servercore.tlog\lib-link.read.1.tlog
c:\users\hj577\desktop\serverexcode\servercore\debug\servercore.tlog\lib-link.write.1.tlog
c:\users\hj577\desktop\serverexcode\servercore\debug\servercore.tlog\lib.command.1.tlog
