c:\users\hj577\desktop\serverexcode\gameserver\debug\gameserver.pch
c:\users\hj577\desktop\serverexcode\gameserver\debug\vc143.pdb
c:\users\hj577\desktop\serverexcode\gameserver\debug\vc143.idb
c:\users\hj577\desktop\serverexcode\gameserver\debug\pch.obj
c:\users\hj577\desktop\serverexcode\gameserver\debug\struct.pb.obj
c:\users\hj577\desktop\serverexcode\gameserver\debug\protocol.pb.obj
c:\users\hj577\desktop\serverexcode\gameserver\debug\enum.pb.obj
c:\users\hj577\desktop\serverexcode\gameserver\debug\clientpackethandler.obj
c:\users\hj577\desktop\serverexcode\gameserver\debug\gamesessionmanager.obj
c:\users\hj577\desktop\serverexcode\gameserver\debug\gamesession.obj
c:\users\hj577\desktop\serverexcode\gameserver\debug\gameserver.obj
c:\users\hj577\desktop\serverexcode\binary\debug\gameserver.pdb
c:\users\hj577\desktop\serverexcode\gameserver\debug\gameserver.tlog\cl.command.1.tlog
c:\users\hj577\desktop\serverexcode\gameserver\debug\gameserver.tlog\cl.read.1.tlog
c:\users\hj577\desktop\serverexcode\gameserver\debug\gameserver.tlog\cl.write.1.tlog
c:\users\hj577\desktop\serverexcode\gameserver\debug\gameserver.tlog\link-cvtres.read.1.tlog
c:\users\hj577\desktop\serverexcode\gameserver\debug\gameserver.tlog\link-cvtres.write.1.tlog
c:\users\hj577\desktop\serverexcode\gameserver\debug\gameserver.tlog\link-rc.read.1.tlog
c:\users\hj577\desktop\serverexcode\gameserver\debug\gameserver.tlog\link-rc.write.1.tlog
c:\users\hj577\desktop\serverexcode\gameserver\debug\gameserver.tlog\link.command.1.tlog
c:\users\hj577\desktop\serverexcode\gameserver\debug\gameserver.tlog\link.read.1.tlog
c:\users\hj577\desktop\serverexcode\gameserver\debug\gameserver.tlog\link.write.1.tlog
