  python: can't open file 'C:\\Users\\hj577\\Documents\\GitHub\\StarCraft-IOCP\\ServerExCode\\Common\\Protobuf\\bin\\PacketGenerator.py': [Errno 2] No such file or directory
  python: can't open file 'C:\\Users\\hj577\\Documents\\GitHub\\StarCraft-IOCP\\ServerExCode\\Common\\Protobuf\\bin\\PacketGenerator.py': [Errno 2] No such file or directory
  계속하려면 아무 키나 누르십시오 . . . 
  C:Enum.pb.h
  1개 파일이 복사되었습니다.
  C:Enum.pb.cc
  1개 파일이 복사되었습니다.
  C:Struct.pb.h
  1개 파일이 복사되었습니다.
  C:Struct.pb.cc
  1개 파일이 복사되었습니다.
  C:Protocol.pb.h
  1개 파일이 복사되었습니다.
  C:Protocol.pb.cc
  1개 파일이 복사되었습니다.
  0개 파일이 복사되었습니다.
  파일을 찾을 수 없습니다-ClientPacketHandler.h
  C:Enum.cs
  1개 파일이 복사되었습니다.
  C:Struct.cs
  1개 파일이 복사되었습니다.
  C:Protocol.cs
  1개 파일이 복사되었습니다.
  0개 파일이 복사되었습니다.
  파일을 찾을 수 없습니다-PacketManager.cs
  C:\Users\hj577\Documents\GitHub\StarCraft-IOCP\ServerExCode\Common\Protobuf\bin\*.h을(를) 찾을 수 없습니다.
  계속하려면 아무 키나 누르십시오 . . . 
  ClientPacketHandler.cpp
C:\Users\hj577\Documents\GitHub\StarCraft-IOCP\ServerExCode\GameServer\ClientPacketHandler.cpp(30,65): warning C4244: '인수': 'google::protobuf::uint64'에서 'const int'(으)로 변환하면서 데이터가 손실될 수 있습니다.
  (소스 파일 '/ClientPacketHandler.cpp'을(를) 컴파일하는 중)
  
C:\Users\hj577\Documents\GitHub\StarCraft-IOCP\ServerExCode\GameServer\ClientPacketHandler.cpp(32,64): warning C4244: '인수': 'google::protobuf::uint64'에서 'int'(으)로 변환하면서 데이터가 손실될 수 있습니다.
  (소스 파일 '/ClientPacketHandler.cpp'을(를) 컴파일하는 중)
  
C:\Users\hj577\Documents\GitHub\StarCraft-IOCP\ServerExCode\GameServer\ClientPacketHandler.cpp(36,43): warning C4244: '인수': 'google::protobuf::uint64'에서 'int'(으)로 변환하면서 데이터가 손실될 수 있습니다.
  (소스 파일 '/ClientPacketHandler.cpp'을(를) 컴파일하는 중)
  
C:\Users\hj577\Documents\GitHub\StarCraft-IOCP\ServerExCode\GameServer\ClientPacketHandler.cpp(83,13): warning C4244: '초기화 중': 'google::protobuf::uint64'에서 'int'(으)로 변환하면서 데이터가 손실될 수 있습니다.
  (소스 파일 '/ClientPacketHandler.cpp'을(를) 컴파일하는 중)
  
  GameObject.cpp
C:\Users\hj577\Documents\GitHub\StarCraft-IOCP\ServerExCode\GameServer\GameObject.cpp(226,13): warning C4244: '=': 'float'에서 'int'(으)로 변환하면서 데이터가 손실될 수 있습니다.
  (소스 파일 '/GameObject.cpp'을(를) 컴파일하는 중)
  
  GameServer.cpp
  GameSession.cpp
  Room.cpp
C:\Users\hj577\Documents\GitHub\StarCraft-IOCP\ServerExCode\ServerCore\Memory.h(39,31): warning C4244: '인수': '_Ty'에서 'float'(으)로 변환하면서 데이터가 손실될 수 있습니다.
C:\Users\hj577\Documents\GitHub\StarCraft-IOCP\ServerExCode\ServerCore\Memory.h(39,31): warning C4244:         with
C:\Users\hj577\Documents\GitHub\StarCraft-IOCP\ServerExCode\ServerCore\Memory.h(39,31): warning C4244:         [
C:\Users\hj577\Documents\GitHub\StarCraft-IOCP\ServerExCode\ServerCore\Memory.h(39,31): warning C4244:             _Ty=int
C:\Users\hj577\Documents\GitHub\StarCraft-IOCP\ServerExCode\ServerCore\Memory.h(39,31): warning C4244:         ]
  (소스 파일 '/Room.cpp'을(를) 컴파일하는 중)
      C:\Users\hj577\Documents\GitHub\StarCraft-IOCP\ServerExCode\ServerCore\Memory.h(39,31):
      템플릿 인스턴스화 컨텍스트(가장 오래된 인스턴스화 컨텍스트)가
          C:\Users\hj577\Documents\GitHub\StarCraft-IOCP\ServerExCode\GameServer\Room.cpp(61,9):
          컴파일되는 함수 템플릿 인스턴스화 'std::shared_ptr<GridManager> MakeShared<GridManager,int,int,int,int>(int &&,int &&,int &&,int &&)'에 대한 참조를 확인하세요.
          C:\Users\hj577\Documents\GitHub\StarCraft-IOCP\ServerExCode\ServerCore\Memory.h(53,27):
          컴파일되는 함수 템플릿 인스턴스화 'Type *xnew<GridManager,_Ty,_Ty,_Ty,_Ty>(_Ty &&,_Ty &&,_Ty &&,_Ty &&)'에 대한 참조를 확인하세요.
          with
          [
              Type=GridManager,
              _Ty=int
          ]
  
  RoomManager.cpp
  코드를 생성하고 있습니다...
  Enum.pb.cc
  Protocol.pb.cc
C:\Users\hj577\Documents\GitHub\StarCraft-IOCP\ServerExCode\GameServer\Protocol.pb.cc(863,70): warning C4244: '=': 'google::protobuf::uint64'에서 'google::protobuf::int32'(으)로 변환하면서 데이터가 손실될 수 있습니다.
C:\Users\hj577\Documents\GitHub\StarCraft-IOCP\ServerExCode\GameServer\Protocol.pb.cc(1146,67): warning C4244: '=': 'google::protobuf::uint64'에서 'google::protobuf::int32'(으)로 변환하면서 데이터가 손실될 수 있습니다.
C:\Users\hj577\Documents\GitHub\StarCraft-IOCP\ServerExCode\GameServer\Protocol.pb.cc(1602,70): warning C4244: '=': 'google::protobuf::uint64'에서 'google::protobuf::int32'(으)로 변환하면서 데이터가 손실될 수 있습니다.
C:\Users\hj577\Documents\GitHub\StarCraft-IOCP\ServerExCode\GameServer\Protocol.pb.cc(1828,70): warning C4244: '=': 'google::protobuf::uint64'에서 'google::protobuf::int32'(으)로 변환하면서 데이터가 손실될 수 있습니다.
C:\Users\hj577\Documents\GitHub\StarCraft-IOCP\ServerExCode\GameServer\Protocol.pb.cc(2018,70): warning C4244: '=': 'google::protobuf::uint64'에서 'google::protobuf::int32'(으)로 변환하면서 데이터가 손실될 수 있습니다.
C:\Users\hj577\Documents\GitHub\StarCraft-IOCP\ServerExCode\GameServer\Protocol.pb.cc(2208,70): warning C4244: '=': 'google::protobuf::uint64'에서 'google::protobuf::int32'(으)로 변환하면서 데이터가 손실될 수 있습니다.
C:\Users\hj577\Documents\GitHub\StarCraft-IOCP\ServerExCode\GameServer\Protocol.pb.cc(2398,70): warning C4244: '=': 'google::protobuf::uint64'에서 'google::protobuf::int32'(으)로 변환하면서 데이터가 손실될 수 있습니다.
C:\Users\hj577\Documents\GitHub\StarCraft-IOCP\ServerExCode\GameServer\Protocol.pb.cc(2616,70): warning C4244: '=': 'google::protobuf::uint64'에서 'google::protobuf::int32'(으)로 변환하면서 데이터가 손실될 수 있습니다.
C:\Users\hj577\Documents\GitHub\StarCraft-IOCP\ServerExCode\GameServer\Protocol.pb.cc(3561,67): warning C4244: '=': 'google::protobuf::uint64'에서 'google::protobuf::int32'(으)로 변환하면서 데이터가 손실될 수 있습니다.
C:\Users\hj577\Documents\GitHub\StarCraft-IOCP\ServerExCode\GameServer\Protocol.pb.cc(3568,70): warning C4244: '=': 'google::protobuf::uint64'에서 'google::protobuf::int32'(으)로 변환하면서 데이터가 손실될 수 있습니다.
C:\Users\hj577\Documents\GitHub\StarCraft-IOCP\ServerExCode\GameServer\Protocol.pb.cc(4048,77): warning C4244: '=': 'google::protobuf::uint64'에서 'google::protobuf::int32'(으)로 변환하면서 데이터가 손실될 수 있습니다.
C:\Users\hj577\Documents\GitHub\StarCraft-IOCP\ServerExCode\GameServer\Protocol.pb.cc(4058,80): warning C4244: '인수': 'google::protobuf::uint64'에서 'google::protobuf::int32'(으)로 변환하면서 데이터가 손실될 수 있습니다.
C:\Users\hj577\Documents\GitHub\StarCraft-IOCP\ServerExCode\GameServer\Protocol.pb.cc(4486,70): warning C4244: '=': 'google::protobuf::uint64'에서 'google::protobuf::int32'(으)로 변환하면서 데이터가 손실될 수 있습니다.
  Struct.pb.cc
C:\Users\hj577\Documents\GitHub\StarCraft-IOCP\ServerExCode\GameServer\Struct.pb.cc(526,70): warning C4244: '=': 'google::protobuf::uint64'에서 'google::protobuf::int32'(으)로 변환하면서 데이터가 손실될 수 있습니다.
  코드를 생성하고 있습니다...
  LINK : 이전 연결 이후로 0개의 새 모듈과 9개(전체 89개 중)의 모듈이 변경되었습니다.
  라이브러리를 검색하고 있습니다.
      C:\Program Files (x86)\Windows Kits\10\lib\10.0.22621.0\um\x64\kernel32.lib 검색 중:
  라이브러리가 검색되었습니다.
  Pass 2를 시작하고 있습니다.
       Struct.pb.obj
       RoomManager.obj
       Room.obj
       ClientPacketHandler.obj
       Protocol.pb.obj
       GameSession.obj
       GameServer.obj
       GameObject.obj
       Enum.pb.obj
       MSVCRTD.lib(loadcfg.obj)
  Pass 2가 끝났습니다.
  GameServer.vcxproj -> C:\Users\hj577\Documents\GitHub\StarCraft-IOCP\ServerExCode\Binary\Debug\GameServer.exe
