c:\users\hj577\documents\github\starcraft-iocp\serverexcode\gameserver\x64\debug\gameserver.pch
c:\users\hj577\documents\github\starcraft-iocp\serverexcode\gameserver\x64\debug\vc143.pdb
c:\users\hj577\documents\github\starcraft-iocp\serverexcode\gameserver\x64\debug\vc143.idb
c:\users\hj577\documents\github\starcraft-iocp\serverexcode\gameserver\x64\debug\pch.obj
c:\users\hj577\documents\github\starcraft-iocp\serverexcode\gameserver\x64\debug\visualmanager.obj
c:\users\hj577\documents\github\starcraft-iocp\serverexcode\gameserver\x64\debug\unit.obj
c:\users\hj577\documents\github\starcraft-iocp\serverexcode\gameserver\x64\debug\roommanager.obj
c:\users\hj577\documents\github\starcraft-iocp\serverexcode\gameserver\x64\debug\room.obj
c:\users\hj577\documents\github\starcraft-iocp\serverexcode\gameserver\x64\debug\protossunit.obj
c:\users\hj577\documents\github\starcraft-iocp\serverexcode\gameserver\x64\debug\protossbuilding.obj
c:\users\hj577\documents\github\starcraft-iocp\serverexcode\gameserver\x64\debug\grid.obj
c:\users\hj577\documents\github\starcraft-iocp\serverexcode\gameserver\x64\debug\clientpackethandler.obj
c:\users\hj577\documents\github\starcraft-iocp\serverexcode\gameserver\x64\debug\mapmaker.obj
c:\users\hj577\documents\github\starcraft-iocp\serverexcode\gameserver\x64\debug\gamesessionmanager.obj
c:\users\hj577\documents\github\starcraft-iocp\serverexcode\gameserver\x64\debug\gamesession.obj
c:\users\hj577\documents\github\starcraft-iocp\serverexcode\gameserver\x64\debug\gameserver.obj
c:\users\hj577\documents\github\starcraft-iocp\serverexcode\gameserver\x64\debug\gameobject.obj
c:\users\hj577\documents\github\starcraft-iocp\serverexcode\gameserver\x64\debug\building.obj
c:\users\hj577\documents\github\starcraft-iocp\serverexcode\gameserver\x64\debug\struct.pb.obj
c:\users\hj577\documents\github\starcraft-iocp\serverexcode\gameserver\x64\debug\protocol.pb.obj
c:\users\hj577\documents\github\starcraft-iocp\serverexcode\gameserver\x64\debug\enum.pb.obj
c:\users\hj577\documents\github\starcraft-iocp\serverexcode\binary\debug\gameserver.exe
c:\users\hj577\documents\github\starcraft-iocp\serverexcode\binary\debug\gameserver.pdb
c:\users\hj577\documents\github\starcraft-iocp\serverexcode\gameserver\x64\debug\gameserver.ilk
c:\users\hj577\documents\github\starcraft-iocp\serverexcode\gameserver\x64\debug\gameserver.tlog\cl.command.1.tlog
c:\users\hj577\documents\github\starcraft-iocp\serverexcode\gameserver\x64\debug\gameserver.tlog\cl.items.tlog
c:\users\hj577\documents\github\starcraft-iocp\serverexcode\gameserver\x64\debug\gameserver.tlog\cl.read.1.tlog
c:\users\hj577\documents\github\starcraft-iocp\serverexcode\gameserver\x64\debug\gameserver.tlog\cl.write.1.tlog
c:\users\hj577\documents\github\starcraft-iocp\serverexcode\gameserver\x64\debug\gameserver.tlog\link.command.1.tlog
c:\users\hj577\documents\github\starcraft-iocp\serverexcode\gameserver\x64\debug\gameserver.tlog\link.read.1.tlog
c:\users\hj577\documents\github\starcraft-iocp\serverexcode\gameserver\x64\debug\gameserver.tlog\link.secondary.1.tlog
c:\users\hj577\documents\github\starcraft-iocp\serverexcode\gameserver\x64\debug\gameserver.tlog\link.write.1.tlog
